Using pre-set license
Built from '2020.3/release' branch; Version is '2020.3.1f1 (77a89f25062f) revision 7841951'; Using compiler version '192528614'; Build Type 'Release'
OS: 'Windows 10 Pro; OS build 19043.1586; Version 2009; 64bit' Language: 'es' Physical Memory: 7644 MB
BatchMode: 1, IsHumanControllingUs: 0, StartBugReporterOnCrash: 0, Is64bit: 1, IsPro: 0

 COMMAND LINE ARGUMENTS:
C:\Program Files\Unity\Editor\Unity.exe
-adb2
-batchMode
-noUpm
-name
AssetImportWorker0
-projectPath
C:/Users/josep/Desktop/cubofinal/Tareadecubito/CubitoRecargado
-logFile
Logs/AssetImportWorker0.log
-srvPort
65448
Successfully changed project path to: C:/Users/josep/Desktop/cubofinal/Tareadecubito/CubitoRecargado
C:/Users/josep/Desktop/cubofinal/Tareadecubito/CubitoRecargado
Using Asset Import Pipeline V2.
Refreshing native plugins compatible for Editor in 36.52 ms, found 0 plugins.
Preloading 0 native plugins for Editor in 0.00 ms.
Initialize engine version: 2020.3.1f1 (77a89f25062f)
[Subsystems] Discovering subsystems at path C:/Program Files/Unity/Editor/Data/Resources/UnitySubsystems
[Subsystems] Discovering subsystems at path C:/Users/josep/Desktop/cubofinal/Tareadecubito/CubitoRecargado/Assets
GfxDevice: creating device client; threaded=0
Direct3D:
    Version:  Direct3D 11.0 [level 11.1]
    Renderer: NVIDIA GeForce GT 1030 (ID=0x1d01)
    Vendor:   
    VRAM:     1982 MB
    Driver:   30.0.15.1123
Initialize mono
Mono path[0] = 'C:/Program Files/Unity/Editor/Data/Managed'
Mono path[1] = 'C:/Program Files/Unity/Editor/Data/MonoBleedingEdge/lib/mono/unityjit'
Mono config path = 'C:/Program Files/Unity/Editor/Data/MonoBleedingEdge/etc'
Using monoOptions --debugger-agent=transport=dt_socket,embedding=1,server=y,suspend=n,address=127.0.0.1:56140
Begin MonoManager ReloadAssembly
Registering precompiled unity dll's ...
Register platform support module: C:/Program Files/Unity/Editor/Data/PlaybackEngines/WindowsStandaloneSupport/UnityEditor.WindowsStandalone.Extensions.dll
Registered in 0.002711 seconds.
Native extension for WindowsStandalone target not found
Refreshing native plugins compatible for Editor in 30.35 ms, found 0 plugins.
Preloading 0 native plugins for Editor in 0.00 ms.
Invoked RoslynAnalysisRunner static constructor.
RoslynAnalysisRunner will not be running.
RoslynAnalysisRunner has terminated.
Mono: successfully reloaded assembly
- Completed reload, in  1.497 seconds
Platform modules already initialized, skipping
Registering precompiled user dll's ...
Registered in 0.000954 seconds.
Begin MonoManager ReloadAssembly
Native extension for WindowsStandalone target not found
Refreshing native plugins compatible for Editor in 0.28 ms, found 0 plugins.
Preloading 0 native plugins for Editor in 0.00 ms.
Invoked RoslynAnalysisRunner static constructor.
RoslynAnalysisRunner will not be running.
RoslynAnalysisRunner has terminated.
Mono: successfully reloaded assembly
- Completed reload, in  1.079 seconds
Platform modules already initialized, skipping
========================================================================
Worker process is ready to serve import requests
Launched and connected shader compiler UnityShaderCompiler.exe after 0.05 seconds
Refreshing native plugins compatible for Editor in 0.25 ms, found 0 plugins.
Preloading 0 native plugins for Editor in 0.00 ms.
Unloading 1113 Unused Serialized files (Serialized files now loaded: 0)
System memory in use before: 56.9 MB.
System memory in use after: 56.9 MB.

Unloading 10 unused Assets to reduce memory usage. Loaded Objects now: 1555.
Total: 2.271900 ms (FindLiveObjects: 0.197400 ms CreateObjectMapping: 0.041800 ms MarkObjects: 1.930400 ms  DeleteObjects: 0.099600 ms)

========================================================================
Received Import Request.
  path: Assets
  artifactKey: Guid(00000000000000001000000000000000) Importer(815301076,1909f56bfc062723c751e8b465ee728b)
Start importing Assets using Guid(00000000000000001000000000000000) Importer(815301076,1909f56bfc062723c751e8b465ee728b)  -> (artifact id: 'a6374019befeac6ce670f13ba9960efb') in 0.010306 seconds
  Import took 0.012630 seconds .

========================================================================
Received Import Request.
  Time since last request: 2.638270 seconds.
  path: Assets/Material
  artifactKey: Guid(b719c9287bc5984448bf4fdd3f202f0e) Importer(815301076,1909f56bfc062723c751e8b465ee728b)
Start importing Assets/Material using Guid(b719c9287bc5984448bf4fdd3f202f0e) Importer(815301076,1909f56bfc062723c751e8b465ee728b)  -> (artifact id: '666e5d8c4ffd4cc1c3946b576b585022') in 0.023086 seconds
  Import took 0.026155 seconds .

========================================================================
Received Import Request.
  Time since last request: 6.135619 seconds.
  path: Assets/Material/New Material.mat
  artifactKey: Guid(40fb863b3b05c96478983698a0564f06) Importer(815301076,1909f56bfc062723c751e8b465ee728b)
Start importing Assets/Material/New Material.mat using Guid(40fb863b3b05c96478983698a0564f06) Importer(815301076,1909f56bfc062723c751e8b465ee728b)  -> (artifact id: 'b3588918b646ab9435344c0377aca73b') in 0.207131 seconds
  Import took 0.209643 seconds .

========================================================================
Received Import Request.
  Time since last request: 5.283990 seconds.
  path: Assets/Material/New Material.mat
  artifactKey: Guid(40fb863b3b05c96478983698a0564f06) Importer(815301076,1909f56bfc062723c751e8b465ee728b)
Start importing Assets/Material/New Material.mat using Guid(40fb863b3b05c96478983698a0564f06) Importer(815301076,1909f56bfc062723c751e8b465ee728b)  -> (artifact id: '6e5ea1423828d7b736ac81c901ea5293') in 0.020589 seconds
  Import took 0.023657 seconds .

AssetImportWorkerClient::OnTransportError - code=2 error=End of file
